<testsuites id="" name="" tests="2" failures="0" skipped="0" errors="0" time="0.581157">
<testsuite name="mycustomtests/09ImportantProjects/testmatchdir/demo.meow.js" timestamp="2025-12-24T05:39:35.340Z" hostname="testmatchuse" tests="2" failures="0" skipped="0" time="0.004" errors="0">
<testcase name="demo1" classname="mycustomtests/09ImportantProjects/testmatchdir/demo.meow.js" time="0.003">
<system-out>
<![CDATA[demo1
]]>
</system-out>
</testcase>
<testcase name="demo2" classname="mycustomtests/09ImportantProjects/testmatchdir/demo.meow.js" time="0.001">
<system-out>
<![CDATA[demo2
]]>
</system-out>
</testcase>
</testsuite>
</testsuites>