<testsuites id="" name="" tests="1" failures="1" skipped="0" errors="0" time="0.9702050000000745">
<testsuite name="mycustomtests/09ImportantProjects/snapshotproperty/demo.spec.js" timestamp="2025-12-24T07:15:02.810Z" hostname="master" tests="1" failures="1" skipped="0" time="0" errors="0">
<testcase name="snapshot" classname="mycustomtests/09ImportantProjects/snapshotproperty/demo.spec.js" time="0">
<failure message="demo.spec.js:3:5 snapshot" type="FAILURE">
<![CDATA[  [master] › snapshotproperty/demo.spec.js:3:5 › snapshot ──────────────────────────────────────────

    Error: Project "master" not found in the worker process. Make sure project name does not change.
]]>
</failure>
</testcase>
</testsuite>
</testsuites>